Error: Cannot find module 'cmmc-mqtt'
    at Function.Module._resolveFilename (module.js:469:15)
    at Function.Module._load (module.js:417:25)
    at Module.require (module.js:497:17)
    at require (internal/module.js:20:19)
    at Object.<anonymous> (/home/nat/traffy-smartbin-v2/espnow-mqtt/dist/app.js:16:17)
    at Module._compile (module.js:570:32)
    at Object.Module._extensions..js (module.js:579:10)
    at Module.load (module.js:487:32)
    at tryModuleLoad (module.js:446:12)
    at Function.Module._load (module.js:438:3)
Error: Cannot find module 'cmmc-mqtt'
    at Function.Module._resolveFilename (module.js:469:15)
    at Function.Module._load (module.js:417:25)
    at Module.require (module.js:497:17)
    at require (internal/module.js:20:19)
    at Object.<anonymous> (/home/nat/traffy-smartbin-v2/espnow-mqtt/dist/app.js:16:17)
    at Module._compile (module.js:570:32)
    at Object.Module._extensions..js (module.js:579:10)
    at Module.load (module.js:487:32)
    at tryModuleLoad (module.js:446:12)
    at Function.Module._load (module.js:438:3)
Error: Cannot find module 'cmmc-mqtt'
    at Function.Module._resolveFilename (module.js:469:15)
    at Function.Module._load (module.js:417:25)
    at Module.require (module.js:497:17)
    at require (internal/module.js:20:19)
    at Object.<anonymous> (/home/nat/traffy-smartbin-v2/espnow-mqtt/dist/app.js:16:17)
    at Module._compile (module.js:570:32)
    at Object.Module._extensions..js (module.js:579:10)
    at Module.load (module.js:487:32)
    at tryModuleLoad (module.js:446:12)
    at Function.Module._load (module.js:438:3)
Error: Cannot find module 'cmmc-mqtt'
    at Function.Module._resolveFilename (module.js:469:15)
    at Function.Module._load (module.js:417:25)
    at Module.require (module.js:497:17)
    at require (internal/module.js:20:19)
    at Object.<anonymous> (/home/nat/traffy-smartbin-v2/espnow-mqtt/dist/app.js:16:17)
    at Module._compile (module.js:570:32)
    at Object.Module._extensions..js (module.js:579:10)
    at Module.load (module.js:487:32)
    at tryModuleLoad (module.js:446:12)
    at Function.Module._load (module.js:438:3)
Error: Cannot find module 'cmmc-mqtt'
    at Function.Module._resolveFilename (module.js:469:15)
    at Function.Module._load (module.js:417:25)
    at Module.require (module.js:497:17)
    at require (internal/module.js:20:19)
    at Object.<anonymous> (/home/nat/traffy-smartbin-v2/espnow-mqtt/dist/app.js:16:17)
    at Module._compile (module.js:570:32)
    at Object.Module._extensions..js (module.js:579:10)
    at Module.load (module.js:487:32)
    at tryModuleLoad (module.js:446:12)
    at Function.Module._load (module.js:438:3)
Error: Cannot find module 'cmmc-mqtt'
    at Function.Module._resolveFilename (module.js:469:15)
    at Function.Module._load (module.js:417:25)
    at Module.require (module.js:497:17)
    at require (internal/module.js:20:19)
    at Object.<anonymous> (/home/nat/traffy-smartbin-v2/espnow-mqtt/dist/app.js:16:17)
    at Module._compile (module.js:570:32)
    at Object.Module._extensions..js (module.js:579:10)
    at Module.load (module.js:487:32)
    at tryModuleLoad (module.js:446:12)
    at Function.Module._load (module.js:438:3)
Error: Cannot find module 'cmmc-mqtt'
    at Function.Module._resolveFilename (module.js:469:15)
    at Function.Module._load (module.js:417:25)
    at Module.require (module.js:497:17)
    at require (internal/module.js:20:19)
    at Object.<anonymous> (/home/nat/traffy-smartbin-v2/espnow-mqtt/dist/app.js:16:17)
    at Module._compile (module.js:570:32)
    at Object.Module._extensions..js (module.js:579:10)
    at Module.load (module.js:487:32)
    at tryModuleLoad (module.js:446:12)
    at Function.Module._load (module.js:438:3)
Error: Cannot find module 'cmmc-mqtt'
    at Function.Module._resolveFilename (module.js:469:15)
    at Function.Module._load (module.js:417:25)
    at Module.require (module.js:497:17)
    at require (internal/module.js:20:19)
    at Object.<anonymous> (/home/nat/traffy-smartbin-v2/espnow-mqtt/dist/app.js:16:17)
    at Module._compile (module.js:570:32)
    at Object.Module._extensions..js (module.js:579:10)
    at Module.load (module.js:487:32)
    at tryModuleLoad (module.js:446:12)
    at Function.Module._load (module.js:438:3)
Error: Cannot find module 'cmmc-mqtt'
    at Function.Module._resolveFilename (module.js:469:15)
    at Function.Module._load (module.js:417:25)
    at Module.require (module.js:497:17)
    at require (internal/module.js:20:19)
    at Object.<anonymous> (/home/nat/traffy-smartbin-v2/espnow-mqtt/dist/app.js:16:17)
    at Module._compile (module.js:570:32)
    at Object.Module._extensions..js (module.js:579:10)
    at Module.load (module.js:487:32)
    at tryModuleLoad (module.js:446:12)
    at Function.Module._load (module.js:438:3)
Error: Cannot find module 'cmmc-mqtt'
    at Function.Module._resolveFilename (module.js:469:15)
    at Function.Module._load (module.js:417:25)
    at Module.require (module.js:497:17)
    at require (internal/module.js:20:19)
    at Object.<anonymous> (/home/nat/traffy-smartbin-v2/espnow-mqtt/dist/app.js:16:17)
    at Module._compile (module.js:570:32)
    at Object.Module._extensions..js (module.js:579:10)
    at Module.load (module.js:487:32)
    at tryModuleLoad (module.js:446:12)
    at Function.Module._load (module.js:438:3)
Error: Cannot find module 'cmmc-mqtt'
    at Function.Module._resolveFilename (module.js:469:15)
    at Function.Module._load (module.js:417:25)
    at Module.require (module.js:497:17)
    at require (internal/module.js:20:19)
    at Object.<anonymous> (/home/nat/traffy-smartbin-v2/espnow-mqtt/dist/app.js:16:17)
    at Module._compile (module.js:570:32)
    at Object.Module._extensions..js (module.js:579:10)
    at Module.load (module.js:487:32)
    at tryModuleLoad (module.js:446:12)
    at Function.Module._load (module.js:438:3)
Error: Cannot find module 'cmmc-mqtt'
    at Function.Module._resolveFilename (module.js:469:15)
    at Function.Module._load (module.js:417:25)
    at Module.require (module.js:497:17)
    at require (internal/module.js:20:19)
    at Object.<anonymous> (/home/nat/traffy-smartbin-v2/espnow-mqtt/dist/app.js:16:17)
    at Module._compile (module.js:570:32)
    at Object.Module._extensions..js (module.js:579:10)
    at Module.load (module.js:487:32)
    at tryModuleLoad (module.js:446:12)
    at Function.Module._load (module.js:438:3)
Error: Cannot find module 'cmmc-mqtt'
    at Function.Module._resolveFilename (module.js:469:15)
    at Function.Module._load (module.js:417:25)
    at Module.require (module.js:497:17)
    at require (internal/module.js:20:19)
    at Object.<anonymous> (/home/nat/traffy-smartbin-v2/espnow-mqtt/dist/app.js:16:17)
    at Module._compile (module.js:570:32)
    at Object.Module._extensions..js (module.js:579:10)
    at Module.load (module.js:487:32)
    at tryModuleLoad (module.js:446:12)
    at Function.Module._load (module.js:438:3)
Error: Cannot find module 'cmmc-mqtt'
    at Function.Module._resolveFilename (module.js:469:15)
    at Function.Module._load (module.js:417:25)
    at Module.require (module.js:497:17)
    at require (internal/module.js:20:19)
    at Object.<anonymous> (/home/nat/traffy-smartbin-v2/espnow-mqtt/dist/app.js:16:17)
    at Module._compile (module.js:570:32)
    at Object.Module._extensions..js (module.js:579:10)
    at Module.load (module.js:487:32)
    at tryModuleLoad (module.js:446:12)
    at Function.Module._load (module.js:438:3)
Error: Cannot find module 'cmmc-mqtt'
    at Function.Module._resolveFilename (module.js:469:15)
    at Function.Module._load (module.js:417:25)
    at Module.require (module.js:497:17)
    at require (internal/module.js:20:19)
    at Object.<anonymous> (/home/nat/traffy-smartbin-v2/espnow-mqtt/dist/app.js:16:17)
    at Module._compile (module.js:570:32)
    at Object.Module._extensions..js (module.js:579:10)
    at Module.load (module.js:487:32)
    at tryModuleLoad (module.js:446:12)
    at Function.Module._load (module.js:438:3)
Error: Cannot find module 'cmmc-mqtt'
    at Function.Module._resolveFilename (module.js:469:15)
    at Function.Module._load (module.js:417:25)
    at Module.require (module.js:497:17)
    at require (internal/module.js:20:19)
    at Object.<anonymous> (/home/nat/traffy-smartbin-v2/espnow-mqtt/dist/app.js:16:17)
    at Module._compile (module.js:570:32)
    at Object.Module._extensions..js (module.js:579:10)
    at Module.load (module.js:487:32)
    at tryModuleLoad (module.js:446:12)
    at Function.Module._load (module.js:438:3)
Error: Cannot find module 'cmmc-mqtt'
    at Function.Module._resolveFilename (module.js:469:15)
    at Function.Module._load (module.js:417:25)
    at Module.require (module.js:497:17)
    at require (internal/module.js:20:19)
    at Object.<anonymous> (/home/nat/traffy-smartbin-v2/espnow-mqtt/dist/app.js:16:17)
    at Module._compile (module.js:570:32)
    at Object.Module._extensions..js (module.js:579:10)
    at Module.load (module.js:487:32)
    at tryModuleLoad (module.js:446:12)
    at Function.Module._load (module.js:438:3)
Error: Cannot find module 'cmmc-mqtt'
    at Function.Module._resolveFilename (module.js:469:15)
    at Function.Module._load (module.js:417:25)
    at Module.require (module.js:497:17)
    at require (internal/module.js:20:19)
    at Object.<anonymous> (/home/nat/traffy-smartbin-v2/espnow-mqtt/dist/app.js:16:17)
    at Module._compile (module.js:570:32)
    at Object.Module._extensions..js (module.js:579:10)
    at Module.load (module.js:487:32)
    at tryModuleLoad (module.js:446:12)
    at Function.Module._load (module.js:438:3)
Error: Cannot find module 'cmmc-mqtt'
    at Function.Module._resolveFilename (module.js:469:15)
    at Function.Module._load (module.js:417:25)
    at Module.require (module.js:497:17)
    at require (internal/module.js:20:19)
    at Object.<anonymous> (/home/nat/traffy-smartbin-v2/espnow-mqtt/dist/app.js:16:17)
    at Module._compile (module.js:570:32)
    at Object.Module._extensions..js (module.js:579:10)
    at Module.load (module.js:487:32)
    at tryModuleLoad (module.js:446:12)
    at Function.Module._load (module.js:438:3)
Error: Cannot find module 'cmmc-mqtt'
    at Function.Module._resolveFilename (module.js:469:15)
    at Function.Module._load (module.js:417:25)
    at Module.require (module.js:497:17)
    at require (internal/module.js:20:19)
    at Object.<anonymous> (/home/nat/traffy-smartbin-v2/espnow-mqtt/dist/app.js:16:17)
    at Module._compile (module.js:570:32)
    at Object.Module._extensions..js (module.js:579:10)
    at Module.load (module.js:487:32)
    at tryModuleLoad (module.js:446:12)
    at Function.Module._load (module.js:438:3)
Error: Cannot find module 'cmmc-mqtt'
    at Function.Module._resolveFilename (module.js:469:15)
    at Function.Module._load (module.js:417:25)
    at Module.require (module.js:497:17)
    at require (internal/module.js:20:19)
    at Object.<anonymous> (/home/nat/traffy-smartbin-v2/espnow-mqtt/dist/app.js:16:17)
    at Module._compile (module.js:570:32)
    at Object.Module._extensions..js (module.js:579:10)
    at Module.load (module.js:487:32)
    at tryModuleLoad (module.js:446:12)
    at Function.Module._load (module.js:438:3)
Error: Cannot find module 'cmmc-mqtt'
    at Function.Module._resolveFilename (module.js:469:15)
    at Function.Module._load (module.js:417:25)
    at Module.require (module.js:497:17)
    at require (internal/module.js:20:19)
    at Object.<anonymous> (/home/nat/traffy-smartbin-v2/espnow-mqtt/dist/app.js:16:17)
    at Module._compile (module.js:570:32)
    at Object.Module._extensions..js (module.js:579:10)
    at Module.load (module.js:487:32)
    at tryModuleLoad (module.js:446:12)
    at Function.Module._load (module.js:438:3)
Error: Cannot find module 'cmmc-mqtt'
    at Function.Module._resolveFilename (module.js:469:15)
    at Function.Module._load (module.js:417:25)
    at Module.require (module.js:497:17)
    at require (internal/module.js:20:19)
    at Object.<anonymous> (/home/nat/traffy-smartbin-v2/espnow-mqtt/dist/app.js:16:17)
    at Module._compile (module.js:570:32)
    at Object.Module._extensions..js (module.js:579:10)
    at Module.load (module.js:487:32)
    at tryModuleLoad (module.js:446:12)
    at Function.Module._load (module.js:438:3)
Error: Cannot find module 'cmmc-mqtt'
    at Function.Module._resolveFilename (module.js:469:15)
    at Function.Module._load (module.js:417:25)
    at Module.require (module.js:497:17)
    at require (internal/module.js:20:19)
    at Object.<anonymous> (/home/nat/traffy-smartbin-v2/espnow-mqtt/dist/app.js:16:17)
    at Module._compile (module.js:570:32)
    at Object.Module._extensions..js (module.js:579:10)
    at Module.load (module.js:487:32)
    at tryModuleLoad (module.js:446:12)
    at Function.Module._load (module.js:438:3)
Error: Cannot find module 'cmmc-mqtt'
    at Function.Module._resolveFilename (module.js:469:15)
    at Function.Module._load (module.js:417:25)
    at Module.require (module.js:497:17)
    at require (internal/module.js:20:19)
    at Object.<anonymous> (/home/nat/traffy-smartbin-v2/espnow-mqtt/dist/app.js:16:17)
    at Module._compile (module.js:570:32)
    at Object.Module._extensions..js (module.js:579:10)
    at Module.load (module.js:487:32)
    at tryModuleLoad (module.js:446:12)
    at Function.Module._load (module.js:438:3)
Error: Cannot find module 'cmmc-mqtt'
    at Function.Module._resolveFilename (module.js:469:15)
    at Function.Module._load (module.js:417:25)
    at Module.require (module.js:497:17)
    at require (internal/module.js:20:19)
    at Object.<anonymous> (/home/nat/traffy-smartbin-v2/espnow-mqtt/dist/app.js:16:17)
    at Module._compile (module.js:570:32)
    at Object.Module._extensions..js (module.js:579:10)
    at Module.load (module.js:487:32)
    at tryModuleLoad (module.js:446:12)
    at Function.Module._load (module.js:438:3)
Error: Cannot find module 'cmmc-mqtt'
    at Function.Module._resolveFilename (module.js:469:15)
    at Function.Module._load (module.js:417:25)
    at Module.require (module.js:497:17)
    at require (internal/module.js:20:19)
    at Object.<anonymous> (/home/nat/traffy-smartbin-v2/espnow-mqtt/dist/app.js:16:17)
    at Module._compile (module.js:570:32)
    at Object.Module._extensions..js (module.js:579:10)
    at Module.load (module.js:487:32)
    at tryModuleLoad (module.js:446:12)
    at Function.Module._load (module.js:438:3)
Error: Cannot find module 'cmmc-mqtt'
    at Function.Module._resolveFilename (module.js:469:15)
    at Function.Module._load (module.js:417:25)
    at Module.require (module.js:497:17)
    at require (internal/module.js:20:19)
    at Object.<anonymous> (/home/nat/traffy-smartbin-v2/espnow-mqtt/dist/app.js:16:17)
    at Module._compile (module.js:570:32)
    at Object.Module._extensions..js (module.js:579:10)
    at Module.load (module.js:487:32)
    at tryModuleLoad (module.js:446:12)
    at Function.Module._load (module.js:438:3)
Error: Cannot find module 'cmmc-mqtt'
    at Function.Module._resolveFilename (module.js:469:15)
    at Function.Module._load (module.js:417:25)
    at Module.require (module.js:497:17)
    at require (internal/module.js:20:19)
    at Object.<anonymous> (/home/nat/traffy-smartbin-v2/espnow-mqtt/dist/app.js:16:17)
    at Module._compile (module.js:570:32)
    at Object.Module._extensions..js (module.js:579:10)
    at Module.load (module.js:487:32)
    at tryModuleLoad (module.js:446:12)
    at Function.Module._load (module.js:438:3)
Error: Cannot find module 'cmmc-mqtt'
    at Function.Module._resolveFilename (module.js:469:15)
    at Function.Module._load (module.js:417:25)
    at Module.require (module.js:497:17)
    at require (internal/module.js:20:19)
    at Object.<anonymous> (/home/nat/traffy-smartbin-v2/espnow-mqtt/dist/app.js:16:17)
    at Module._compile (module.js:570:32)
    at Object.Module._extensions..js (module.js:579:10)
    at Module.load (module.js:487:32)
    at tryModuleLoad (module.js:446:12)
    at Function.Module._load (module.js:438:3)
Error: Cannot find module 'cmmc-mqtt'
    at Function.Module._resolveFilename (module.js:469:15)
    at Function.Module._load (module.js:417:25)
    at Module.require (module.js:497:17)
    at require (internal/module.js:20:19)
    at Object.<anonymous> (/home/nat/traffy-smartbin-v2/espnow-mqtt/dist/app.js:16:17)
    at Module._compile (module.js:570:32)
    at Object.Module._extensions..js (module.js:579:10)
    at Module.load (module.js:487:32)
    at tryModuleLoad (module.js:446:12)
    at Function.Module._load (module.js:438:3)
Error: Cannot find module 'cmmc-mqtt'
    at Function.Module._resolveFilename (module.js:469:15)
    at Function.Module._load (module.js:417:25)
    at Module.require (module.js:497:17)
    at require (internal/module.js:20:19)
    at Object.<anonymous> (/home/nat/traffy-smartbin-v2/espnow-mqtt/dist/app.js:16:17)
    at Module._compile (module.js:570:32)
    at Object.Module._extensions..js (module.js:579:10)
    at Module.load (module.js:487:32)
    at tryModuleLoad (module.js:446:12)
    at Function.Module._load (module.js:438:3)
Error: Cannot find module 'cmmc-mqtt'
    at Function.Module._resolveFilename (module.js:469:15)
    at Function.Module._load (module.js:417:25)
    at Module.require (module.js:497:17)
    at require (internal/module.js:20:19)
    at Object.<anonymous> (/home/nat/traffy-smartbin-v2/espnow-mqtt/dist/app.js:16:17)
    at Module._compile (module.js:570:32)
    at Object.Module._extensions..js (module.js:579:10)
    at Module.load (module.js:487:32)
    at tryModuleLoad (module.js:446:12)
    at Function.Module._load (module.js:438:3)
Error: Cannot find module 'cmmc-mqtt'
    at Function.Module._resolveFilename (module.js:469:15)
    at Function.Module._load (module.js:417:25)
    at Module.require (module.js:497:17)
    at require (internal/module.js:20:19)
    at Object.<anonymous> (/home/nat/traffy-smartbin-v2/espnow-mqtt/dist/app.js:16:17)
    at Module._compile (module.js:570:32)
    at Object.Module._extensions..js (module.js:579:10)
    at Module.load (module.js:487:32)
    at tryModuleLoad (module.js:446:12)
    at Function.Module._load (module.js:438:3)
Error: Cannot find module 'cmmc-mqtt'
    at Function.Module._resolveFilename (module.js:469:15)
    at Function.Module._load (module.js:417:25)
    at Module.require (module.js:497:17)
    at require (internal/module.js:20:19)
    at Object.<anonymous> (/home/nat/traffy-smartbin-v2/espnow-mqtt/dist/app.js:16:17)
    at Module._compile (module.js:570:32)
    at Object.Module._extensions..js (module.js:579:10)
    at Module.load (module.js:487:32)
    at tryModuleLoad (module.js:446:12)
    at Function.Module._load (module.js:438:3)
[2017-07-31 13:44:58] DEBUG traffy-byte-parser@0.0.2 -  message arrived topic = TRAFFY/TCP_MQTT_FORWARDER/1
[2017-07-31 13:44:58] DEBUG getPayloadType
[2017-07-31 13:44:58] DEBUG getPayloadType
[2017-07-31 13:44:58] DEBUG getPayloadType
[2017-07-31 13:44:58] DEBUG parsing FAFB Device Registration... payload =  <Buffer fa fb ff ff ff ff 5c cf 7f 09 50 b3 ff ff ff ff ff ff 14 78 0c 00 00 4e 12 00 00 c8 03 00 00 98 18 00 00 a1 01 00 00 00 1f 31 38 2e 37 38 33 31 36 33 ... >
[2017-07-31 13:44:58] DEBUG hex =  fafbffffffff5ccf7f0950b3ffffffffffff14780c00004e120000c803000098180000a1010000001f31382e373833313633344e2c3039382e39373930343330452c3238332c323500e2
[2017-07-31 13:45:02] DEBUG traffy-byte-parser@0.0.2 -  message arrived topic = TRAFFY/TCP_MQTT_FORWARDER/1
[2017-07-31 13:45:02] DEBUG getPayloadType
[2017-07-31 13:45:02] DEBUG getPayloadType
[2017-07-31 13:45:02] DEBUG getPayloadType
[2017-07-31 13:45:02] DEBUG getPayloadType
[2017-07-31 13:45:02] DEBUG parseDataPayload [incoming] object <Buffer ff fa 01 02 03 09 00 00 00 00 00 00 00 00 54 00 00 00 62 03 00 00 0d 50 61 74 6f 6e 67 34 5f 6e 6f 64 65 32 00 00 00 00 00 00 00 00 00 00 00 5b> fffa01020309000000000000000054000000620300000d5061746f6e67345f6e6f64653200000000000000000000005b
[2017-07-31 13:45:02] DEBUG parseDataPayload [return] => {"type":"01020309","val1":0,"val2":0,"val3":84,"batt":866,"name":"Patong4_node2"}
[2017-07-31 13:45:04] DEBUG traffy-byte-parser@0.0.2 -  message arrived topic = TRAFFY/TCP_MQTT_FORWARDER/1
[2017-07-31 13:45:04] DEBUG getPayloadType
[2017-07-31 13:45:04] DEBUG getPayloadType
[2017-07-31 13:45:04] DEBUG getPayloadType
[2017-07-31 13:45:04] DEBUG getPayloadType
[2017-07-31 13:45:04] DEBUG parseDataPayload [incoming] object <Buffer ff fa 01 02 03 09 00 00 00 00 00 00 00 00 42 00 00 00 56 03 00 00 0d 50 61 74 6f 6e 67 34 5f 6e 6f 64 65 33 00 00 00 00 00 00 00 00 00 00 00 c7> fffa01020309000000000000000042000000560300000d5061746f6e67345f6e6f6465330000000000000000000000c7
[2017-07-31 13:45:04] DEBUG parseDataPayload [return] => {"type":"01020309","val1":0,"val2":0,"val3":66,"batt":854,"name":"Patong4_node3"}
[2017-07-31 13:45:06] DEBUG traffy-byte-parser@0.0.2 -  message arrived topic = TRAFFY/TCP_MQTT_FORWARDER/1
[2017-07-31 13:45:06] DEBUG getPayloadType
[2017-07-31 13:45:06] DEBUG getPayloadType
[2017-07-31 13:45:06] DEBUG getPayloadType
[2017-07-31 13:45:06] DEBUG getPayloadType
[2017-07-31 13:45:06] DEBUG parseDataPayload [incoming] object <Buffer ff fa 01 02 03 09 00 00 00 00 00 00 00 00 54 00 00 00 67 03 00 00 0d 50 61 74 6f 6e 67 34 5f 6e 6f 64 65 34 00 00 00 00 00 00 00 00 00 00 00 c3> fffa01020309000000000000000054000000670300000d5061746f6e67345f6e6f6465340000000000000000000000c3
[2017-07-31 13:45:06] DEBUG parseDataPayload [return] => {"type":"01020309","val1":0,"val2":0,"val3":84,"batt":871,"name":"Patong4_node4"}
[2017-07-31 13:45:08] DEBUG traffy-byte-parser@0.0.2 -  message arrived topic = TRAFFY/TCP_MQTT_FORWARDER/1
[2017-07-31 13:45:08] DEBUG getPayloadType
[2017-07-31 13:48:38] DEBUG traffy-byte-parser@0.0.2 -  message arrived topic = TRAFFY/TCP_MQTT_FORWARDER/1
[2017-07-31 13:48:38] DEBUG getPayloadType
[2017-07-31 13:48:38] DEBUG getPayloadType
[2017-07-31 13:48:38] DEBUG getPayloadType
[2017-07-31 13:48:38] DEBUG parsing FAFB Device Registration... payload =  <Buffer fa fb ff ff ff ff 5c cf 7f 09 50 b3 ff ff ff ff ff ff 14 00 00 d8 18 00 00 94 02 00 00 e3 18 00 00 a0 01 00 00 00 1f 31 38 2e 37 38 32 39 32 30 31 4e ... >
[2017-07-31 13:48:38] DEBUG hex =  fafbffffffff5ccf7f0950b3ffffffffffff140000d818000094020000e3180000a0010000001f31382e373832393230314e2c3039382e39373930303532452c302c322c393900f0
[2017-07-31 13:48:41] DEBUG traffy-byte-parser@0.0.2 -  message arrived topic = TRAFFY/TCP_MQTT_FORWARDER/1
[2017-07-31 13:48:41] DEBUG getPayloadType
[2017-07-31 13:58:31] DEBUG traffy-byte-parser@0.0.2 -  message arrived topic = TRAFFY/TCP_MQTT_FORWARDER/1
[2017-07-31 13:58:31] DEBUG getPayloadType
[2017-07-31 13:58:31] DEBUG getPayloadType
[2017-07-31 13:58:31] DEBUG getPayloadType
[2017-07-31 13:58:31] DEBUG parsing FAFB Device Registration... payload =  <Buffer fa fb ff ff ff ff 5c cf 7f 09 50 b3 ff ff ff ff ff ff 14 85 0c 00 00 ae 12 00 00 c8 03 00 00 e1 18 00 00 a0 01 00 00 00 1f 31 38 2e 37 38 32 38 39 38 ... >
[2017-07-31 13:58:31] DEBUG hex =  fafbffffffff5ccf7f0950b3ffffffffffff14850c0000ae120000c8030000e1180000a0010000001f31382e373832383938334e2c3039382e39373839313831452c3439382c32340086
[2017-07-31 13:58:34] DEBUG traffy-byte-parser@0.0.2 -  message arrived topic = TRAFFY/TCP_MQTT_FORWARDER/1
[2017-07-31 13:58:34] DEBUG getPayloadType
[2017-07-31 13:58:36] DEBUG traffy-byte-parser@0.0.2 -  message arrived topic = TRAFFY/TCP_MQTT_FORWARDER/1
[2017-07-31 13:58:36] DEBUG getPayloadType
[2017-07-31 13:58:36] DEBUG getPayloadType
[2017-07-31 13:58:36] DEBUG getPayloadType
[2017-07-31 13:58:36] DEBUG getPayloadType
[2017-07-31 13:58:36] DEBUG parseDataPayload [incoming] object <Buffer ff fa 01 02 03 09 00 00 00 00 00 00 00 00 4f 00 00 00 63 03 00 00 0d 50 61 74 6f 6e 67 34 5f 6e 6f 64 65 32 00 00 00 00 00 00 00 00 00 00 00 41> fffa0102030900000000000000004f000000630300000d5061746f6e67345f6e6f646532000000000000000000000041
[2017-07-31 13:58:36] DEBUG parseDataPayload [return] => {"type":"01020309","val1":0,"val2":0,"val3":79,"batt":867,"name":"Patong4_node2"}
[2017-07-31 13:58:38] DEBUG traffy-byte-parser@0.0.2 -  message arrived topic = TRAFFY/TCP_MQTT_FORWARDER/1
[2017-07-31 13:58:38] DEBUG getPayloadType
[2017-07-31 13:58:38] DEBUG getPayloadType
[2017-07-31 13:58:38] DEBUG getPayloadType
[2017-07-31 13:58:38] DEBUG getPayloadType
[2017-07-31 13:58:38] DEBUG parseDataPayload [incoming] object <Buffer ff fa 01 02 03 09 00 00 00 00 00 00 00 00 44 00 00 00 58 03 00 00 0d 50 61 74 6f 6e 67 34 5f 6e 6f 64 65 33 00 00 00 00 00 00 00 00 00 00 00 cf> fffa01020309000000000000000044000000580300000d5061746f6e67345f6e6f6465330000000000000000000000cf
[2017-07-31 13:58:38] DEBUG parseDataPayload [return] => {"type":"01020309","val1":0,"val2":0,"val3":68,"batt":856,"name":"Patong4_node3"}
[2017-07-31 13:58:40] DEBUG traffy-byte-parser@0.0.2 -  message arrived topic = TRAFFY/TCP_MQTT_FORWARDER/1
[2017-07-31 13:58:40] DEBUG getPayloadType
[2017-07-31 13:58:40] DEBUG getPayloadType
[2017-07-31 13:58:40] DEBUG getPayloadType
[2017-07-31 13:58:40] DEBUG getPayloadType
[2017-07-31 13:58:40] DEBUG parseDataPayload [incoming] object <Buffer ff fa 01 02 03 09 00 00 00 00 00 00 00 00 54 00 00 00 67 03 00 00 0d 50 61 74 6f 6e 67 34 5f 6e 6f 64 65 34 00 00 00 00 00 00 00 00 00 00 00 c3> fffa01020309000000000000000054000000670300000d5061746f6e67345f6e6f6465340000000000000000000000c3
[2017-07-31 13:58:40] DEBUG parseDataPayload [return] => {"type":"01020309","val1":0,"val2":0,"val3":84,"batt":871,"name":"Patong4_node4"}
[2017-07-31 14:08:26] DEBUG traffy-byte-parser@0.0.2 -  message arrived topic = TRAFFY/TCP_MQTT_FORWARDER/1
[2017-07-31 14:08:26] DEBUG getPayloadType
[2017-07-31 14:08:26] DEBUG getPayloadType
[2017-07-31 14:08:26] DEBUG getPayloadType
[2017-07-31 14:08:26] DEBUG parsing FAFB Device Registration... payload =  <Buffer fa fb ff ff ff ff 5c cf 7f 09 50 b3 ff ff ff ff ff ff 14 84 0c 00 00 4f 12 00 00 c7 03 00 00 eb 18 00 00 a0 01 00 00 00 1f 31 38 2e 37 38 32 39 39 34 ... >
[2017-07-31 14:08:26] DEBUG hex =  fafbffffffff5ccf7f0950b3ffffffffffff14840c00004f120000c7030000eb180000a0010000001f31382e373832393934354e2c3039382e39373930323732452c3337302c32320068
[2017-07-31 14:08:29] DEBUG traffy-byte-parser@0.0.2 -  message arrived topic = TRAFFY/TCP_MQTT_FORWARDER/1
[2017-07-31 14:08:29] DEBUG getPayloadType
[2017-07-31 14:08:31] DEBUG traffy-byte-parser@0.0.2 -  message arrived topic = TRAFFY/TCP_MQTT_FORWARDER/1
[2017-07-31 14:08:31] DEBUG getPayloadType
[2017-07-31 14:08:31] DEBUG getPayloadType
[2017-07-31 14:08:31] DEBUG getPayloadType
[2017-07-31 14:08:31] DEBUG getPayloadType
[2017-07-31 14:08:31] DEBUG parseDataPayload [incoming] object <Buffer ff fa 01 02 03 09 00 00 00 00 00 00 00 00 4c 00 00 00 62 03 00 00 0d 50 61 74 6f 6e 67 34 5f 6e 6f 64 65 32 00 00 00 00 00 00 00 00 00 00 00 43> fffa0102030900000000000000004c000000620300000d5061746f6e67345f6e6f646532000000000000000000000043
[2017-07-31 14:08:31] DEBUG parseDataPayload [return] => {"type":"01020309","val1":0,"val2":0,"val3":76,"batt":866,"name":"Patong4_node2"}
[2017-07-31 14:08:33] DEBUG traffy-byte-parser@0.0.2 -  message arrived topic = TRAFFY/TCP_MQTT_FORWARDER/1
[2017-07-31 14:08:33] DEBUG getPayloadType
[2017-07-31 14:08:33] DEBUG getPayloadType
[2017-07-31 14:08:33] DEBUG getPayloadType
[2017-07-31 14:08:33] DEBUG getPayloadType
[2017-07-31 14:08:33] DEBUG parseDataPayload [incoming] object <Buffer ff fa 01 02 03 09 00 00 00 00 00 00 00 00 44 00 00 00 57 03 00 00 0d 50 61 74 6f 6e 67 34 5f 6e 6f 64 65 33 00 00 00 00 00 00 00 00 00 00 00 c0> fffa01020309000000000000000044000000570300000d5061746f6e67345f6e6f6465330000000000000000000000c0
[2017-07-31 14:08:33] DEBUG parseDataPayload [return] => {"type":"01020309","val1":0,"val2":0,"val3":68,"batt":855,"name":"Patong4_node3"}
[2017-07-31 14:08:35] DEBUG traffy-byte-parser@0.0.2 -  message arrived topic = TRAFFY/TCP_MQTT_FORWARDER/1
[2017-07-31 14:08:35] DEBUG getPayloadType
[2017-07-31 14:08:35] DEBUG getPayloadType
[2017-07-31 14:08:35] DEBUG getPayloadType
[2017-07-31 14:08:35] DEBUG getPayloadType
[2017-07-31 14:08:35] DEBUG parseDataPayload [incoming] object <Buffer ff fa 01 02 03 09 00 00 00 00 00 00 00 00 54 00 00 00 66 03 00 00 0d 50 61 74 6f 6e 67 34 5f 6e 6f 64 65 34 00 00 00 00 00 00 00 00 00 00 00 c2> fffa01020309000000000000000054000000660300000d5061746f6e67345f6e6f6465340000000000000000000000c2
[2017-07-31 14:08:35] DEBUG parseDataPayload [return] => {"type":"01020309","val1":0,"val2":0,"val3":84,"batt":870,"name":"Patong4_node4"}
