LOG_LEVEL = debug
[2017-07-31 13:53:06] INFO connecting to mqtt broker with mqtt://localhost
[2017-07-31 13:53:06] VERBOSE register callback on_message
[2017-07-31 13:53:06] INFO connecting to mqtt broker with mqtt://mqtt.cmmc.io
[2017-07-31 13:53:07] INFO mqtt://localhost connected.
[2017-07-31 13:53:07] INFO mqtt://localhost subscribing to topic: #
[2017-07-31 13:53:07] VERBOSE subscribing to topic = [{"topic":"#","qos":0}]
[2017-07-31 13:53:07] INFO mqtt://localhost subscribing to topic: P2/#
[2017-07-31 13:53:07] VERBOSE subscribing to topic = [{"topic":"P2/#","qos":0}]
[2017-07-31 13:53:07] INFO mqtt://localhost subscribing to topic: TRAFFY/#
[2017-07-31 13:53:07] VERBOSE subscribing to topic = [{"topic":"TRAFFY/#","qos":0}]
[2017-07-31 13:53:07] INFO mqtt://localhost subscribing to topic: CMMC/#
[2017-07-31 13:53:07] VERBOSE subscribing to topic = [{"topic":"CMMC/#","qos":0}]
[2017-07-31 13:53:07] INFO mqtt://mqtt.cmmc.io connected.
[2017-07-31 13:54:07] VERBOSE cmd = pingreq packet = {"cmd":"pingreq"}
[2017-07-31 13:54:07] VERBOSE cmd = pingreq packet = {"cmd":"pingreq"}
[2017-07-31 13:55:07] VERBOSE cmd = pingreq packet = {"cmd":"pingreq"}
[2017-07-31 13:55:07] VERBOSE cmd = pingreq packet = {"cmd":"pingreq"}
[2017-07-31 13:56:07] VERBOSE cmd = pingreq packet = {"cmd":"pingreq"}
[2017-07-31 13:56:07] VERBOSE cmd = pingreq packet = {"cmd":"pingreq"}
[2017-07-31 13:57:07] VERBOSE cmd = pingreq packet = {"cmd":"pingreq"}
[2017-07-31 13:57:07] VERBOSE cmd = pingreq packet = {"cmd":"pingreq"}
[2017-07-31 13:58:07] VERBOSE cmd = pingreq packet = {"cmd":"pingreq"}
[2017-07-31 13:58:07] VERBOSE cmd = pingreq packet = {"cmd":"pingreq"}
[2017-07-31 13:58:31] INFO [mqtt://localhost] message arrived topic =  TRAFFY/TCP_MQTT_FORWARDER/1
[2017-07-31 13:58:31] VERBOSE [mqtt://localhost] publish: NAT/TRAFFY/TRAFFY/TCP_MQTT_FORWARDER/1
[2017-07-31 13:58:31] VERBOSE cmd = publish packet = {"cmd":"publish","topic":"NAT/TRAFFY/TRAFFY/TCP_MQTT_FORWARDER/1","payload":{"type":"Buffer","data":[250,251,255,255,255,255,92,207,127,9,80,179,255,255,255,255,255,255,20,133,12,0,0,174,18,0,0,200,3,0,0,225,24,0,0,160,1,0,0,0,31,49,56,46,55,56,50,56,57,56,51,78,44,48,57,56,46,57,55,56,57,49,56,49,69,44,52,57,56,44,50,52,0,134,13,10]},"qos":0,"retain":false,"messageId":44817,"dup":false}
[2017-07-31 13:58:31] INFO [mqtt://localhost] message arrived topic =  TRAFFY_V2/5ccf7f0950b3/command
[2017-07-31 13:58:31] VERBOSE [mqtt://localhost] publish: NAT/TRAFFY/TRAFFY_V2/5ccf7f0950b3/command
[2017-07-31 13:58:31] VERBOSE cmd = publish packet = {"cmd":"publish","topic":"NAT/TRAFFY/TRAFFY_V2/5ccf7f0950b3/command","payload":{"type":"Buffer","data":[123,34,98,97,116,116,34,58,52,49,54,44,34,116,101,109,112,34,58,51,50,48,53,44,34,104,117,109,105,100,34,58,52,55,56,50,44,34,112,114,101,115,115,117,114,101,34,58,57,54,56,44,34,115,111,117,110,100,34,58,54,51,54,57,44,34,109,97,99,49,34,58,34,53,99,99,102,55,102,48,57,53,48,98,51,34,44,34,109,97,99,50,34,58,34,102,102,102,102,102,102,102,102,102,102,102,102,34,44,34,103,112,115,83,116,114,105,110,103,34,58,34,49,56,46,55,56,50,56,57,56,51,78,44,48,57,56,46,57,55,56,57,49,56,49,69,44,52,57,56,44,50,52,34,44,34,95,116,105,109,101,34,58,49,53,48,49,52,56,52,51,49,49,52,51,55,125]},"qos":0,"retain":false,"messageId":44818,"dup":false}
[2017-07-31 13:58:34] INFO [mqtt://localhost] message arrived topic =  TRAFFY/TCP_MQTT_FORWARDER/1
[2017-07-31 13:58:34] VERBOSE [mqtt://localhost] publish: NAT/TRAFFY/TRAFFY/TCP_MQTT_FORWARDER/1
[2017-07-31 13:58:34] VERBOSE cmd = publish packet = {"cmd":"publish","topic":"NAT/TRAFFY/TRAFFY/TCP_MQTT_FORWARDER/1","payload":{"type":"Buffer","data":[252,253,92,207,127,9,80,179,24,254,52,218,241,126,48,255,250,1,2,3,9,0,0,0,0,0,0,0,0]},"qos":0,"retain":false,"messageId":44819,"dup":false}
[2017-07-31 13:58:36] INFO [mqtt://localhost] message arrived topic =  TRAFFY/TCP_MQTT_FORWARDER/1
[2017-07-31 13:58:36] VERBOSE [mqtt://localhost] publish: NAT/TRAFFY/TRAFFY/TCP_MQTT_FORWARDER/1
[2017-07-31 13:58:36] VERBOSE cmd = publish packet = {"cmd":"publish","topic":"NAT/TRAFFY/TRAFFY/TCP_MQTT_FORWARDER/1","payload":{"type":"Buffer","data":[252,253,92,207,127,9,80,179,94,207,127,9,204,9,48,255,250,1,2,3,9,0,0,0,0,0,0,0,0,79,0,0,0,99,3,0,0,13,80,97,116,111,110,103,52,95,110,111,100,101,50,0,0,0,0,0,0,0,0,0,0,0,65,13,10]},"qos":0,"retain":false,"messageId":44820,"dup":false}
[2017-07-31 13:58:36] INFO [mqtt://localhost] message arrived topic =  TRAFFY_V2/5ccf7f0950b3/Patong4_node2/status
[2017-07-31 13:58:36] VERBOSE [mqtt://localhost] publish: NAT/TRAFFY/TRAFFY_V2/5ccf7f0950b3/Patong4_node2/status
[2017-07-31 13:58:36] VERBOSE cmd = publish packet = {"cmd":"publish","topic":"NAT/TRAFFY/TRAFFY_V2/5ccf7f0950b3/Patong4_node2/status","payload":{"type":"Buffer","data":[123,34,116,121,112,101,34,58,34,48,49,48,50,48,51,48,57,34,44,34,118,97,108,49,34,58,48,44,34,118,97,108,50,34,58,48,44,34,118,97,108,51,34,58,55,57,44,34,98,97,116,116,34,58,56,54,55,44,34,110,97,109,101,34,58,34,80,97,116,111,110,103,52,95,110,111,100,101,50,34,44,34,109,97,99,49,34,58,34,53,99,99,102,55,102,48,57,53,48,98,51,34,44,34,109,97,99,50,34,58,34,53,101,99,102,55,102,48,57,99,99,48,57,34,44,34,95,116,105,109,101,34,58,49,53,48,49,52,56,52,51,49,54,54,48,56,125]},"qos":0,"retain":false,"messageId":44821,"dup":false}
[2017-07-31 13:58:36] INFO [mqtt://localhost] message arrived topic =  TRAFFY_V2/raw/5ccf7f0950b3/5ecf7f09cc09/status
[2017-07-31 13:58:36] VERBOSE [mqtt://localhost] publish: NAT/TRAFFY/TRAFFY_V2/raw/5ccf7f0950b3/5ecf7f09cc09/status
[2017-07-31 13:58:36] VERBOSE cmd = publish packet = {"cmd":"publish","topic":"NAT/TRAFFY/TRAFFY_V2/raw/5ccf7f0950b3/5ecf7f09cc09/status","payload":{"type":"Buffer","data":[123,34,116,121,112,101,34,58,34,48,49,48,50,48,51,48,57,34,44,34,118,97,108,49,34,58,48,44,34,118,97,108,50,34,58,48,44,34,118,97,108,51,34,58,55,57,44,34,98,97,116,116,34,58,56,54,55,44,34,110,97,109,101,34,58,34,80,97,116,111,110,103,52,95,110,111,100,101,50,34,44,34,109,97,99,49,34,58,34,53,99,99,102,55,102,48,57,53,48,98,51,34,44,34,109,97,99,50,34,58,34,53,101,99,102,55,102,48,57,99,99,48,57,34,44,34,95,116,105,109,101,34,58,49,53,48,49,52,56,52,51,49,54,54,48,56,125]},"qos":0,"retain":false,"messageId":44822,"dup":false}
[2017-07-31 13:58:38] INFO [mqtt://localhost] message arrived topic =  TRAFFY/TCP_MQTT_FORWARDER/1
[2017-07-31 13:58:38] VERBOSE [mqtt://localhost] publish: NAT/TRAFFY/TRAFFY/TCP_MQTT_FORWARDER/1
[2017-07-31 13:58:38] VERBOSE cmd = publish packet = {"cmd":"publish","topic":"NAT/TRAFFY/TRAFFY/TCP_MQTT_FORWARDER/1","payload":{"type":"Buffer","data":[252,253,92,207,127,9,80,179,24,254,52,238,161,0,48,255,250,1,2,3,9,0,0,0,0,0,0,0,0,68,0,0,0,88,3,0,0,13,80,97,116,111,110,103,52,95,110,111,100,101,51,0,0,0,0,0,0,0,0,0,0,0,207,13,10]},"qos":0,"retain":false,"messageId":44823,"dup":false}
[2017-07-31 13:58:38] INFO [mqtt://localhost] message arrived topic =  TRAFFY_V2/5ccf7f0950b3/Patong4_node3/status
[2017-07-31 13:58:38] VERBOSE [mqtt://localhost] publish: NAT/TRAFFY/TRAFFY_V2/5ccf7f0950b3/Patong4_node3/status
[2017-07-31 13:58:38] VERBOSE cmd = publish packet = {"cmd":"publish","topic":"NAT/TRAFFY/TRAFFY_V2/5ccf7f0950b3/Patong4_node3/status","payload":{"type":"Buffer","data":[123,34,116,121,112,101,34,58,34,48,49,48,50,48,51,48,57,34,44,34,118,97,108,49,34,58,48,44,34,118,97,108,50,34,58,48,44,34,118,97,108,51,34,58,54,56,44,34,98,97,116,116,34,58,56,53,54,44,34,110,97,109,101,34,58,34,80,97,116,111,110,103,52,95,110,111,100,101,51,34,44,34,109,97,99,49,34,58,34,53,99,99,102,55,102,48,57,53,48,98,51,34,44,34,109,97,99,50,34,58,34,49,56,102,101,51,52,101,101,97,49,48,48,34,44,34,95,116,105,109,101,34,58,49,53,48,49,52,56,52,51,49,56,56,55,55,125]},"qos":0,"retain":false,"messageId":44824,"dup":false}
[2017-07-31 13:58:38] INFO [mqtt://localhost] message arrived topic =  TRAFFY_V2/raw/5ccf7f0950b3/18fe34eea100/status
[2017-07-31 13:58:38] VERBOSE [mqtt://localhost] publish: NAT/TRAFFY/TRAFFY_V2/raw/5ccf7f0950b3/18fe34eea100/status
[2017-07-31 13:58:38] VERBOSE cmd = publish packet = {"cmd":"publish","topic":"NAT/TRAFFY/TRAFFY_V2/raw/5ccf7f0950b3/18fe34eea100/status","payload":{"type":"Buffer","data":[123,34,116,121,112,101,34,58,34,48,49,48,50,48,51,48,57,34,44,34,118,97,108,49,34,58,48,44,34,118,97,108,50,34,58,48,44,34,118,97,108,51,34,58,54,56,44,34,98,97,116,116,34,58,56,53,54,44,34,110,97,109,101,34,58,34,80,97,116,111,110,103,52,95,110,111,100,101,51,34,44,34,109,97,99,49,34,58,34,53,99,99,102,55,102,48,57,53,48,98,51,34,44,34,109,97,99,50,34,58,34,49,56,102,101,51,52,101,101,97,49,48,48,34,44,34,95,116,105,109,101,34,58,49,53,48,49,52,56,52,51,49,56,56,55,55,125]},"qos":0,"retain":false,"messageId":44825,"dup":false}
[2017-07-31 13:58:40] INFO [mqtt://localhost] message arrived topic =  TRAFFY/TCP_MQTT_FORWARDER/1
[2017-07-31 13:58:40] VERBOSE [mqtt://localhost] publish: NAT/TRAFFY/TRAFFY/TCP_MQTT_FORWARDER/1
[2017-07-31 13:58:40] VERBOSE cmd = publish packet = {"cmd":"publish","topic":"NAT/TRAFFY/TRAFFY/TCP_MQTT_FORWARDER/1","payload":{"type":"Buffer","data":[252,253,92,207,127,9,80,179,92,207,127,9,82,14,48,255,250,1,2,3,9,0,0,0,0,0,0,0,0,84,0,0,0,103,3,0,0,13,80,97,116,111,110,103,52,95,110,111,100,101,52,0,0,0,0,0,0,0,0,0,0,0,195,13,10]},"qos":0,"retain":false,"messageId":44826,"dup":false}
[2017-07-31 13:58:40] INFO [mqtt://localhost] message arrived topic =  TRAFFY_V2/5ccf7f0950b3/Patong4_node4/status
[2017-07-31 13:58:40] VERBOSE [mqtt://localhost] publish: NAT/TRAFFY/TRAFFY_V2/5ccf7f0950b3/Patong4_node4/status
[2017-07-31 13:58:41] VERBOSE cmd = publish packet = {"cmd":"publish","topic":"NAT/TRAFFY/TRAFFY_V2/5ccf7f0950b3/Patong4_node4/status","payload":{"type":"Buffer","data":[123,34,116,121,112,101,34,58,34,48,49,48,50,48,51,48,57,34,44,34,118,97,108,49,34,58,48,44,34,118,97,108,50,34,58,48,44,34,118,97,108,51,34,58,56,52,44,34,98,97,116,116,34,58,56,55,49,44,34,110,97,109,101,34,58,34,80,97,116,111,110,103,52,95,110,111,100,101,52,34,44,34,109,97,99,49,34,58,34,53,99,99,102,55,102,48,57,53,48,98,51,34,44,34,109,97,99,50,34,58,34,53,99,99,102,55,102,48,57,53,50,48,101,34,44,34,95,116,105,109,101,34,58,49,53,48,49,52,56,52,51,50,48,57,48,54,125]},"qos":0,"retain":false,"messageId":44827,"dup":false}
[2017-07-31 13:58:41] INFO [mqtt://localhost] message arrived topic =  TRAFFY_V2/raw/5ccf7f0950b3/5ccf7f09520e/status
[2017-07-31 13:58:41] VERBOSE [mqtt://localhost] publish: NAT/TRAFFY/TRAFFY_V2/raw/5ccf7f0950b3/5ccf7f09520e/status
[2017-07-31 13:58:41] VERBOSE cmd = publish packet = {"cmd":"publish","topic":"NAT/TRAFFY/TRAFFY_V2/raw/5ccf7f0950b3/5ccf7f09520e/status","payload":{"type":"Buffer","data":[123,34,116,121,112,101,34,58,34,48,49,48,50,48,51,48,57,34,44,34,118,97,108,49,34,58,48,44,34,118,97,108,50,34,58,48,44,34,118,97,108,51,34,58,56,52,44,34,98,97,116,116,34,58,56,55,49,44,34,110,97,109,101,34,58,34,80,97,116,111,110,103,52,95,110,111,100,101,52,34,44,34,109,97,99,49,34,58,34,53,99,99,102,55,102,48,57,53,48,98,51,34,44,34,109,97,99,50,34,58,34,53,99,99,102,55,102,48,57,53,50,48,101,34,44,34,95,116,105,109,101,34,58,49,53,48,49,52,56,52,51,50,48,57,48,54,125]},"qos":0,"retain":false,"messageId":44828,"dup":false}
[2017-07-31 13:59:07] VERBOSE cmd = pingreq packet = {"cmd":"pingreq"}
[2017-07-31 13:59:41] VERBOSE cmd = pingreq packet = {"cmd":"pingreq"}
[2017-07-31 14:00:07] VERBOSE cmd = pingreq packet = {"cmd":"pingreq"}
[2017-07-31 14:00:41] VERBOSE cmd = pingreq packet = {"cmd":"pingreq"}
[2017-07-31 14:01:07] VERBOSE cmd = pingreq packet = {"cmd":"pingreq"}
[2017-07-31 14:01:41] VERBOSE cmd = pingreq packet = {"cmd":"pingreq"}
[2017-07-31 14:02:07] VERBOSE cmd = pingreq packet = {"cmd":"pingreq"}
[2017-07-31 14:02:41] VERBOSE cmd = pingreq packet = {"cmd":"pingreq"}
LOG_LEVEL = debug
[2017-07-31 14:03:07] INFO connecting to mqtt broker with mqtt://localhost
[2017-07-31 14:03:07] VERBOSE register callback on_message
[2017-07-31 14:03:07] INFO connecting to mqtt broker with mqtt://mqtt.cmmc.io
[2017-07-31 14:03:07] INFO mqtt://localhost connected.
[2017-07-31 14:03:07] INFO mqtt://localhost subscribing to topic: #
[2017-07-31 14:03:07] VERBOSE subscribing to topic = [{"topic":"#","qos":0}]
[2017-07-31 14:03:07] INFO mqtt://localhost subscribing to topic: P2/#
[2017-07-31 14:03:07] VERBOSE subscribing to topic = [{"topic":"P2/#","qos":0}]
[2017-07-31 14:03:07] INFO mqtt://localhost subscribing to topic: TRAFFY/#
[2017-07-31 14:03:07] VERBOSE subscribing to topic = [{"topic":"TRAFFY/#","qos":0}]
[2017-07-31 14:03:07] INFO mqtt://localhost subscribing to topic: CMMC/#
[2017-07-31 14:03:07] VERBOSE subscribing to topic = [{"topic":"CMMC/#","qos":0}]
[2017-07-31 14:03:07] INFO mqtt://mqtt.cmmc.io connected.
LOG_LEVEL = debug
[2017-07-31 14:03:41] INFO connecting to mqtt broker with mqtt://localhost
[2017-07-31 14:03:41] VERBOSE register callback on_message
[2017-07-31 14:03:41] INFO connecting to mqtt broker with mqtt://mqtt.cmmc.io
[2017-07-31 14:03:41] INFO mqtt://localhost connected.
[2017-07-31 14:03:41] INFO mqtt://localhost subscribing to topic: #
[2017-07-31 14:03:41] VERBOSE subscribing to topic = [{"topic":"#","qos":0}]
[2017-07-31 14:03:41] INFO mqtt://localhost subscribing to topic: P2/#
[2017-07-31 14:03:41] VERBOSE subscribing to topic = [{"topic":"P2/#","qos":0}]
[2017-07-31 14:03:41] INFO mqtt://localhost subscribing to topic: TRAFFY/#
[2017-07-31 14:03:41] VERBOSE subscribing to topic = [{"topic":"TRAFFY/#","qos":0}]
[2017-07-31 14:03:41] INFO mqtt://localhost subscribing to topic: CMMC/#
[2017-07-31 14:03:41] VERBOSE subscribing to topic = [{"topic":"CMMC/#","qos":0}]
[2017-07-31 14:03:41] INFO mqtt://mqtt.cmmc.io connected.
[2017-07-31 14:04:41] VERBOSE cmd = pingreq packet = {"cmd":"pingreq"}
[2017-07-31 14:04:41] VERBOSE cmd = pingreq packet = {"cmd":"pingreq"}
[2017-07-31 14:05:41] VERBOSE cmd = pingreq packet = {"cmd":"pingreq"}
[2017-07-31 14:05:41] VERBOSE cmd = pingreq packet = {"cmd":"pingreq"}
[2017-07-31 14:06:41] VERBOSE cmd = pingreq packet = {"cmd":"pingreq"}
[2017-07-31 14:06:41] VERBOSE cmd = pingreq packet = {"cmd":"pingreq"}
[2017-07-31 14:07:41] VERBOSE cmd = pingreq packet = {"cmd":"pingreq"}
[2017-07-31 14:07:41] VERBOSE cmd = pingreq packet = {"cmd":"pingreq"}
[2017-07-31 14:08:26] INFO [mqtt://localhost] message arrived topic =  TRAFFY/TCP_MQTT_FORWARDER/1
[2017-07-31 14:08:26] VERBOSE [mqtt://localhost] publish: NAT/TRAFFY/TRAFFY/TCP_MQTT_FORWARDER/1
[2017-07-31 14:08:26] VERBOSE cmd = publish packet = {"cmd":"publish","topic":"NAT/TRAFFY/TRAFFY/TCP_MQTT_FORWARDER/1","payload":{"type":"Buffer","data":[250,251,255,255,255,255,92,207,127,9,80,179,255,255,255,255,255,255,20,132,12,0,0,79,18,0,0,199,3,0,0,235,24,0,0,160,1,0,0,0,31,49,56,46,55,56,50,57,57,52,53,78,44,48,57,56,46,57,55,57,48,50,55,50,69,44,51,55,48,44,50,50,0,104,13,10]},"qos":0,"retain":false,"messageId":26449,"dup":false}
[2017-07-31 14:08:26] INFO [mqtt://localhost] message arrived topic =  TRAFFY_V2/5ccf7f0950b3/command
[2017-07-31 14:08:26] VERBOSE [mqtt://localhost] publish: NAT/TRAFFY/TRAFFY_V2/5ccf7f0950b3/command
[2017-07-31 14:08:26] VERBOSE cmd = publish packet = {"cmd":"publish","topic":"NAT/TRAFFY/TRAFFY_V2/5ccf7f0950b3/command","payload":{"type":"Buffer","data":[123,34,98,97,116,116,34,58,52,49,54,44,34,116,101,109,112,34,58,51,50,48,52,44,34,104,117,109,105,100,34,58,52,54,56,55,44,34,112,114,101,115,115,117,114,101,34,58,57,54,55,44,34,115,111,117,110,100,34,58,54,51,55,57,44,34,109,97,99,49,34,58,34,53,99,99,102,55,102,48,57,53,48,98,51,34,44,34,109,97,99,50,34,58,34,102,102,102,102,102,102,102,102,102,102,102,102,34,44,34,103,112,115,83,116,114,105,110,103,34,58,34,49,56,46,55,56,50,57,57,52,53,78,44,48,57,56,46,57,55,57,48,50,55,50,69,44,51,55,48,44,50,50,34,44,34,95,116,105,109,101,34,58,49,53,48,49,52,56,52,57,48,54,50,57,54,125]},"qos":0,"retain":false,"messageId":26450,"dup":false}
[2017-07-31 14:08:29] INFO [mqtt://localhost] message arrived topic =  TRAFFY/TCP_MQTT_FORWARDER/1
[2017-07-31 14:08:29] VERBOSE [mqtt://localhost] publish: NAT/TRAFFY/TRAFFY/TCP_MQTT_FORWARDER/1
[2017-07-31 14:08:29] VERBOSE cmd = publish packet = {"cmd":"publish","topic":"NAT/TRAFFY/TRAFFY/TCP_MQTT_FORWARDER/1","payload":{"type":"Buffer","data":[252,253,92,207,127,9,80,179,24,254,52,218,241,126,48,255,250,1,2,3,9,0,0,0,0,0,0,0,0]},"qos":0,"retain":false,"messageId":26451,"dup":false}
[2017-07-31 14:08:31] INFO [mqtt://localhost] message arrived topic =  TRAFFY/TCP_MQTT_FORWARDER/1
[2017-07-31 14:08:31] VERBOSE [mqtt://localhost] publish: NAT/TRAFFY/TRAFFY/TCP_MQTT_FORWARDER/1
[2017-07-31 14:08:31] VERBOSE cmd = publish packet = {"cmd":"publish","topic":"NAT/TRAFFY/TRAFFY/TCP_MQTT_FORWARDER/1","payload":{"type":"Buffer","data":[252,253,92,207,127,9,80,179,94,207,127,9,204,9,48,255,250,1,2,3,9,0,0,0,0,0,0,0,0,76,0,0,0,98,3,0,0,13,80,97,116,111,110,103,52,95,110,111,100,101,50,0,0,0,0,0,0,0,0,0,0,0,67,13,10]},"qos":0,"retain":false,"messageId":26452,"dup":false}
[2017-07-31 14:08:31] INFO [mqtt://localhost] message arrived topic =  TRAFFY_V2/5ccf7f0950b3/Patong4_node2/status
[2017-07-31 14:08:31] VERBOSE [mqtt://localhost] publish: NAT/TRAFFY/TRAFFY_V2/5ccf7f0950b3/Patong4_node2/status
[2017-07-31 14:08:31] VERBOSE cmd = publish packet = {"cmd":"publish","topic":"NAT/TRAFFY/TRAFFY_V2/5ccf7f0950b3/Patong4_node2/status","payload":{"type":"Buffer","data":[123,34,116,121,112,101,34,58,34,48,49,48,50,48,51,48,57,34,44,34,118,97,108,49,34,58,48,44,34,118,97,108,50,34,58,48,44,34,118,97,108,51,34,58,55,54,44,34,98,97,116,116,34,58,56,54,54,44,34,110,97,109,101,34,58,34,80,97,116,111,110,103,52,95,110,111,100,101,50,34,44,34,109,97,99,49,34,58,34,53,99,99,102,55,102,48,57,53,48,98,51,34,44,34,109,97,99,50,34,58,34,53,101,99,102,55,102,48,57,99,99,48,57,34,44,34,95,116,105,109,101,34,58,49,53,48,49,52,56,52,57,49,49,53,49,57,125]},"qos":0,"retain":false,"messageId":26453,"dup":false}
[2017-07-31 14:08:31] INFO [mqtt://localhost] message arrived topic =  TRAFFY_V2/raw/5ccf7f0950b3/5ecf7f09cc09/status
[2017-07-31 14:08:31] VERBOSE [mqtt://localhost] publish: NAT/TRAFFY/TRAFFY_V2/raw/5ccf7f0950b3/5ecf7f09cc09/status
[2017-07-31 14:08:31] VERBOSE cmd = publish packet = {"cmd":"publish","topic":"NAT/TRAFFY/TRAFFY_V2/raw/5ccf7f0950b3/5ecf7f09cc09/status","payload":{"type":"Buffer","data":[123,34,116,121,112,101,34,58,34,48,49,48,50,48,51,48,57,34,44,34,118,97,108,49,34,58,48,44,34,118,97,108,50,34,58,48,44,34,118,97,108,51,34,58,55,54,44,34,98,97,116,116,34,58,56,54,54,44,34,110,97,109,101,34,58,34,80,97,116,111,110,103,52,95,110,111,100,101,50,34,44,34,109,97,99,49,34,58,34,53,99,99,102,55,102,48,57,53,48,98,51,34,44,34,109,97,99,50,34,58,34,53,101,99,102,55,102,48,57,99,99,48,57,34,44,34,95,116,105,109,101,34,58,49,53,48,49,52,56,52,57,49,49,53,49,57,125]},"qos":0,"retain":false,"messageId":26454,"dup":false}
[2017-07-31 14:08:33] INFO [mqtt://localhost] message arrived topic =  TRAFFY/TCP_MQTT_FORWARDER/1
[2017-07-31 14:08:33] VERBOSE [mqtt://localhost] publish: NAT/TRAFFY/TRAFFY/TCP_MQTT_FORWARDER/1
[2017-07-31 14:08:33] VERBOSE cmd = publish packet = {"cmd":"publish","topic":"NAT/TRAFFY/TRAFFY/TCP_MQTT_FORWARDER/1","payload":{"type":"Buffer","data":[252,253,92,207,127,9,80,179,24,254,52,238,161,0,48,255,250,1,2,3,9,0,0,0,0,0,0,0,0,68,0,0,0,87,3,0,0,13,80,97,116,111,110,103,52,95,110,111,100,101,51,0,0,0,0,0,0,0,0,0,0,0,192,13,10]},"qos":0,"retain":false,"messageId":26455,"dup":false}
[2017-07-31 14:08:33] INFO [mqtt://localhost] message arrived topic =  TRAFFY_V2/5ccf7f0950b3/Patong4_node3/status
[2017-07-31 14:08:33] VERBOSE [mqtt://localhost] publish: NAT/TRAFFY/TRAFFY_V2/5ccf7f0950b3/Patong4_node3/status
[2017-07-31 14:08:33] VERBOSE cmd = publish packet = {"cmd":"publish","topic":"NAT/TRAFFY/TRAFFY_V2/5ccf7f0950b3/Patong4_node3/status","payload":{"type":"Buffer","data":[123,34,116,121,112,101,34,58,34,48,49,48,50,48,51,48,57,34,44,34,118,97,108,49,34,58,48,44,34,118,97,108,50,34,58,48,44,34,118,97,108,51,34,58,54,56,44,34,98,97,116,116,34,58,56,53,53,44,34,110,97,109,101,34,58,34,80,97,116,111,110,103,52,95,110,111,100,101,51,34,44,34,109,97,99,49,34,58,34,53,99,99,102,55,102,48,57,53,48,98,51,34,44,34,109,97,99,50,34,58,34,49,56,102,101,51,52,101,101,97,49,48,48,34,44,34,95,116,105,109,101,34,58,49,53,48,49,52,56,52,57,49,51,54,52,54,125]},"qos":0,"retain":false,"messageId":26456,"dup":false}
[2017-07-31 14:08:33] INFO [mqtt://localhost] message arrived topic =  TRAFFY_V2/raw/5ccf7f0950b3/18fe34eea100/status
[2017-07-31 14:08:33] VERBOSE [mqtt://localhost] publish: NAT/TRAFFY/TRAFFY_V2/raw/5ccf7f0950b3/18fe34eea100/status
[2017-07-31 14:08:33] VERBOSE cmd = publish packet = {"cmd":"publish","topic":"NAT/TRAFFY/TRAFFY_V2/raw/5ccf7f0950b3/18fe34eea100/status","payload":{"type":"Buffer","data":[123,34,116,121,112,101,34,58,34,48,49,48,50,48,51,48,57,34,44,34,118,97,108,49,34,58,48,44,34,118,97,108,50,34,58,48,44,34,118,97,108,51,34,58,54,56,44,34,98,97,116,116,34,58,56,53,53,44,34,110,97,109,101,34,58,34,80,97,116,111,110,103,52,95,110,111,100,101,51,34,44,34,109,97,99,49,34,58,34,53,99,99,102,55,102,48,57,53,48,98,51,34,44,34,109,97,99,50,34,58,34,49,56,102,101,51,52,101,101,97,49,48,48,34,44,34,95,116,105,109,101,34,58,49,53,48,49,52,56,52,57,49,51,54,52,54,125]},"qos":0,"retain":false,"messageId":26457,"dup":false}
[2017-07-31 14:08:35] INFO [mqtt://localhost] message arrived topic =  TRAFFY/TCP_MQTT_FORWARDER/1
[2017-07-31 14:08:35] VERBOSE [mqtt://localhost] publish: NAT/TRAFFY/TRAFFY/TCP_MQTT_FORWARDER/1
[2017-07-31 14:08:35] VERBOSE cmd = publish packet = {"cmd":"publish","topic":"NAT/TRAFFY/TRAFFY/TCP_MQTT_FORWARDER/1","payload":{"type":"Buffer","data":[252,253,92,207,127,9,80,179,92,207,127,9,82,14,48,255,250,1,2,3,9,0,0,0,0,0,0,0,0,84,0,0,0,102,3,0,0,13,80,97,116,111,110,103,52,95,110,111,100,101,52,0,0,0,0,0,0,0,0,0,0,0,194,13,10]},"qos":0,"retain":false,"messageId":26458,"dup":false}
[2017-07-31 14:08:35] INFO [mqtt://localhost] message arrived topic =  TRAFFY_V2/5ccf7f0950b3/Patong4_node4/status
[2017-07-31 14:08:35] VERBOSE [mqtt://localhost] publish: NAT/TRAFFY/TRAFFY_V2/5ccf7f0950b3/Patong4_node4/status
[2017-07-31 14:08:35] VERBOSE cmd = publish packet = {"cmd":"publish","topic":"NAT/TRAFFY/TRAFFY_V2/5ccf7f0950b3/Patong4_node4/status","payload":{"type":"Buffer","data":[123,34,116,121,112,101,34,58,34,48,49,48,50,48,51,48,57,34,44,34,118,97,108,49,34,58,48,44,34,118,97,108,50,34,58,48,44,34,118,97,108,51,34,58,56,52,44,34,98,97,116,116,34,58,56,55,48,44,34,110,97,109,101,34,58,34,80,97,116,111,110,103,52,95,110,111,100,101,52,34,44,34,109,97,99,49,34,58,34,53,99,99,102,55,102,48,57,53,48,98,51,34,44,34,109,97,99,50,34,58,34,53,99,99,102,55,102,48,57,53,50,48,101,34,44,34,95,116,105,109,101,34,58,49,53,48,49,52,56,52,57,49,53,55,50,57,125]},"qos":0,"retain":false,"messageId":26459,"dup":false}
[2017-07-31 14:08:35] INFO [mqtt://localhost] message arrived topic =  TRAFFY_V2/raw/5ccf7f0950b3/5ccf7f09520e/status
[2017-07-31 14:08:35] VERBOSE [mqtt://localhost] publish: NAT/TRAFFY/TRAFFY_V2/raw/5ccf7f0950b3/5ccf7f09520e/status
[2017-07-31 14:08:35] VERBOSE cmd = publish packet = {"cmd":"publish","topic":"NAT/TRAFFY/TRAFFY_V2/raw/5ccf7f0950b3/5ccf7f09520e/status","payload":{"type":"Buffer","data":[123,34,116,121,112,101,34,58,34,48,49,48,50,48,51,48,57,34,44,34,118,97,108,49,34,58,48,44,34,118,97,108,50,34,58,48,44,34,118,97,108,51,34,58,56,52,44,34,98,97,116,116,34,58,56,55,48,44,34,110,97,109,101,34,58,34,80,97,116,111,110,103,52,95,110,111,100,101,52,34,44,34,109,97,99,49,34,58,34,53,99,99,102,55,102,48,57,53,48,98,51,34,44,34,109,97,99,50,34,58,34,53,99,99,102,55,102,48,57,53,50,48,101,34,44,34,95,116,105,109,101,34,58,49,53,48,49,52,56,52,57,49,53,55,50,57,125]},"qos":0,"retain":false,"messageId":26460,"dup":false}
[2017-07-31 14:08:41] VERBOSE cmd = pingreq packet = {"cmd":"pingreq"}
[2017-07-31 14:09:35] VERBOSE cmd = pingreq packet = {"cmd":"pingreq"}
[2017-07-31 14:09:41] VERBOSE cmd = pingreq packet = {"cmd":"pingreq"}
[2017-07-31 14:10:35] VERBOSE cmd = pingreq packet = {"cmd":"pingreq"}
[2017-07-31 14:10:41] VERBOSE cmd = pingreq packet = {"cmd":"pingreq"}
[2017-07-31 14:11:35] VERBOSE cmd = pingreq packet = {"cmd":"pingreq"}
[2017-07-31 14:11:41] VERBOSE cmd = pingreq packet = {"cmd":"pingreq"}
[2017-07-31 14:12:35] VERBOSE cmd = pingreq packet = {"cmd":"pingreq"}
[2017-07-31 14:12:41] VERBOSE cmd = pingreq packet = {"cmd":"pingreq"}
[2017-07-31 14:13:35] VERBOSE cmd = pingreq packet = {"cmd":"pingreq"}
[2017-07-31 14:13:41] VERBOSE cmd = pingreq packet = {"cmd":"pingreq"}
